[2025-06-18T09:30:05.491+0000] {local_task_job_runner.py:120} INFO - ::group::Pre task execution logs
[2025-06-18T09:30:05.571+0000] {taskinstance.py:2076} INFO - Dependencies all met for dep_context=non-requeueable deps ti=<TaskInstance: hello_airflow.say_hello manual__2025-06-18T09:30:03.372972+00:00 [queued]>
[2025-06-18T09:30:05.601+0000] {taskinstance.py:2076} INFO - Dependencies all met for dep_context=requeueable deps ti=<TaskInstance: hello_airflow.say_hello manual__2025-06-18T09:30:03.372972+00:00 [queued]>
[2025-06-18T09:30:05.602+0000] {taskinstance.py:2306} INFO - Starting attempt 1 of 1
[2025-06-18T09:30:05.664+0000] {taskinstance.py:2330} INFO - Executing <Task(PythonOperator): say_hello> on 2025-06-18 09:30:03.372972+00:00
[2025-06-18T09:30:05.695+0000] {warnings.py:110} WARNING - /home/***/.local/lib/python3.12/site-packages/***/task/task_runner/standard_task_runner.py:61: DeprecationWarning: This process (pid=44) is multi-threaded, use of fork() may lead to deadlocks in the child.
  pid = os.fork()

[2025-06-18T09:30:05.706+0000] {standard_task_runner.py:63} INFO - Started process 45 to run task
[2025-06-18T09:30:05.706+0000] {standard_task_runner.py:90} INFO - Running: ['***', 'tasks', 'run', 'hello_***', 'say_hello', 'manual__2025-06-18T09:30:03.372972+00:00', '--job-id', '4', '--raw', '--subdir', 'DAGS_FOLDER/check_dag.py', '--cfg-path', '/tmp/tmpxx1f0e6t']
[2025-06-18T09:30:05.720+0000] {standard_task_runner.py:91} INFO - Job 4: Subtask say_hello
[2025-06-18T09:30:05.958+0000] {task_command.py:426} INFO - Running <TaskInstance: hello_airflow.say_hello manual__2025-06-18T09:30:03.372972+00:00 [running]> on host 9d2be549d26b
[2025-06-18T09:30:06.284+0000] {taskinstance.py:2648} INFO - Exporting env vars: AIRFLOW_CTX_DAG_OWNER='***' AIRFLOW_CTX_DAG_ID='hello_***' AIRFLOW_CTX_TASK_ID='say_hello' AIRFLOW_CTX_EXECUTION_DATE='2025-06-18T09:30:03.372972+00:00' AIRFLOW_CTX_TRY_NUMBER='1' AIRFLOW_CTX_DAG_RUN_ID='manual__2025-06-18T09:30:03.372972+00:00'
[2025-06-18T09:30:06.289+0000] {taskinstance.py:430} INFO - ::endgroup::
[2025-06-18T09:30:06.335+0000] {logging_mixin.py:188} INFO - 👋 Hello from Airflow!
[2025-06-18T09:30:06.337+0000] {python.py:237} INFO - Done. Returned value was: None
[2025-06-18T09:30:06.343+0000] {taskinstance.py:441} INFO - ::group::Post task execution logs
[2025-06-18T09:30:06.375+0000] {taskinstance.py:1206} INFO - Marking task as SUCCESS. dag_id=hello_***, task_id=say_hello, run_id=manual__2025-06-18T09:30:03.372972+00:00, execution_date=20250618T093003, start_date=20250618T093005, end_date=20250618T093006
[2025-06-18T09:30:06.463+0000] {local_task_job_runner.py:240} INFO - Task exited with return code 0
[2025-06-18T09:30:06.509+0000] {taskinstance.py:3498} INFO - 0 downstream tasks scheduled from follow-on schedule check
[2025-06-18T09:30:06.514+0000] {local_task_job_runner.py:222} INFO - ::endgroup::
