[2025-06-18T19:21:07.556+0000] {local_task_job_runner.py:120} INFO - ::group::Pre task execution logs
[2025-06-18T19:21:07.643+0000] {taskinstance.py:2076} INFO - Dependencies all met for dep_context=non-requeueable deps ti=<TaskInstance: load_gcs_data_dag.load_data_from_gcs manual__2025-06-18T19:21:02.333902+00:00 [queued]>
[2025-06-18T19:21:07.666+0000] {taskinstance.py:2076} INFO - Dependencies all met for dep_context=requeueable deps ti=<TaskInstance: load_gcs_data_dag.load_data_from_gcs manual__2025-06-18T19:21:02.333902+00:00 [queued]>
[2025-06-18T19:21:07.667+0000] {taskinstance.py:2306} INFO - Starting attempt 1 of 2
[2025-06-18T19:21:07.703+0000] {taskinstance.py:2330} INFO - Executing <Task(PythonOperator): load_data_from_gcs> on 2025-06-18 19:21:02.333902+00:00
[2025-06-18T19:21:07.734+0000] {warnings.py:110} WARNING - /home/***/.local/lib/python3.12/site-packages/***/task/task_runner/standard_task_runner.py:61: DeprecationWarning: This process (pid=70) is multi-threaded, use of fork() may lead to deadlocks in the child.
  pid = os.fork()

[2025-06-18T19:21:07.740+0000] {standard_task_runner.py:63} INFO - Started process 72 to run task
[2025-06-18T19:21:07.740+0000] {standard_task_runner.py:90} INFO - Running: ['***', 'tasks', 'run', 'load_gcs_data_dag', 'load_data_from_gcs', 'manual__2025-06-18T19:21:02.333902+00:00', '--job-id', '58', '--raw', '--subdir', 'DAGS_FOLDER/load_gcs_data_dag.py', '--cfg-path', '/tmp/tmp7vt_xjac']
[2025-06-18T19:21:07.753+0000] {standard_task_runner.py:91} INFO - Job 58: Subtask load_data_from_gcs
[2025-06-18T19:21:07.906+0000] {task_command.py:426} INFO - Running <TaskInstance: load_gcs_data_dag.load_data_from_gcs manual__2025-06-18T19:21:02.333902+00:00 [running]> on host 3e2a7fb3b426
[2025-06-18T19:21:08.174+0000] {taskinstance.py:2648} INFO - Exporting env vars: AIRFLOW_CTX_DAG_OWNER='***' AIRFLOW_CTX_DAG_ID='load_gcs_data_dag' AIRFLOW_CTX_TASK_ID='load_data_from_gcs' AIRFLOW_CTX_EXECUTION_DATE='2025-06-18T19:21:02.333902+00:00' AIRFLOW_CTX_TRY_NUMBER='1' AIRFLOW_CTX_DAG_RUN_ID='manual__2025-06-18T19:21:02.333902+00:00'
[2025-06-18T19:21:08.176+0000] {taskinstance.py:430} INFO - ::endgroup::
[2025-06-18T19:21:08.331+0000] {logging_mixin.py:188} INFO - ▶ 탐색 중: votes/
[2025-06-18T19:21:11.642+0000] {taskinstance.py:441} INFO - ::group::Post task execution logs
[2025-06-18T19:21:11.644+0000] {taskinstance.py:2905} ERROR - Task failed with exception
Traceback (most recent call last):
  File "/home/airflow/.local/lib/python3.12/site-packages/airflow/models/taskinstance.py", line 465, in _execute_task
    result = _execute_callable(context=context, **execute_callable_kwargs)
             ^^^^^^^^^^^^^^^^^^^^^^^^^^^^^^^^^^^^^^^^^^^^^^^^^^^^^^^^^^^^^
  File "/home/airflow/.local/lib/python3.12/site-packages/airflow/models/taskinstance.py", line 432, in _execute_callable
    return execute_callable(context=context, **execute_callable_kwargs)
           ^^^^^^^^^^^^^^^^^^^^^^^^^^^^^^^^^^^^^^^^^^^^^^^^^^^^^^^^^^^^
  File "/home/airflow/.local/lib/python3.12/site-packages/airflow/models/baseoperator.py", line 400, in wrapper
    return func(self, *args, **kwargs)
           ^^^^^^^^^^^^^^^^^^^^^^^^^^^
  File "/home/airflow/.local/lib/python3.12/site-packages/airflow/operators/python.py", line 235, in execute
    return_value = self.execute_callable()
                   ^^^^^^^^^^^^^^^^^^^^^^^
  File "/home/airflow/.local/lib/python3.12/site-packages/airflow/operators/python.py", line 252, in execute_callable
    return self.python_callable(*self.op_args, **self.op_kwargs)
           ^^^^^^^^^^^^^^^^^^^^^^^^^^^^^^^^^^^^^^^^^^^^^^^^^^^^^
  File "/opt/airflow/dags/load_gcs_data_dag.py", line 40, in load_gcs_data
    df.to_parquet(local_file_path, index=False)
  File "/home/airflow/.local/lib/python3.12/site-packages/pandas/core/frame.py", line 2970, in to_parquet
    return to_parquet(
           ^^^^^^^^^^^
  File "/home/airflow/.local/lib/python3.12/site-packages/pandas/io/parquet.py", line 483, in to_parquet
    impl.write(
  File "/home/airflow/.local/lib/python3.12/site-packages/pandas/io/parquet.py", line 197, in write
    path_or_handle, handles, filesystem = _get_path_or_handle(
                                          ^^^^^^^^^^^^^^^^^^^^
  File "/home/airflow/.local/lib/python3.12/site-packages/pandas/io/parquet.py", line 139, in _get_path_or_handle
    handles = get_handle(
              ^^^^^^^^^^^
  File "/home/airflow/.local/lib/python3.12/site-packages/pandas/io/common.py", line 872, in get_handle
    handle = open(handle, ioargs.mode)
             ^^^^^^^^^^^^^^^^^^^^^^^^^
PermissionError: [Errno 13] Permission denied: '/opt/airflow/data/raw/accounts_attendance.parquet'
[2025-06-18T19:21:11.688+0000] {taskinstance.py:1206} INFO - Marking task as UP_FOR_RETRY. dag_id=load_gcs_data_dag, task_id=load_data_from_gcs, run_id=manual__2025-06-18T19:21:02.333902+00:00, execution_date=20250618T192102, start_date=20250618T192107, end_date=20250618T192111
[2025-06-18T19:21:11.721+0000] {standard_task_runner.py:110} ERROR - Failed to execute job 58 for task load_data_from_gcs ([Errno 13] Permission denied: '/opt/airflow/data/raw/accounts_attendance.parquet'; 72)
[2025-06-18T19:21:11.822+0000] {local_task_job_runner.py:240} INFO - Task exited with return code 1
[2025-06-18T19:21:11.876+0000] {taskinstance.py:3498} INFO - 0 downstream tasks scheduled from follow-on schedule check
[2025-06-18T19:21:11.879+0000] {local_task_job_runner.py:222} INFO - ::endgroup::
